<?xml version="1.0" encoding="UTF-8" ?>
<testsuites>
<testsuite name="libc++" tests="9" failures="4" skipped="0">
<testcase classname="libc++.std/depr/depr_lib_binders/depr_lib_bind_1st" name="bind1st.depr_in_cxx11.fail.cpp" time="2.16"/>
<testcase classname="libc++.std/depr/depr_lib_binders/depr_lib_bind_1st" name="bind1st.pass.cpp" time="1.61">
	<failure ><![CDATA[Command: ['/usr/local/bin/clang++', '-o', '/usr/local/google/home/ericwf/libcxx/build/unstable/projects/libcxx/test/std/depr/depr.lib.binders/depr.lib.bind.1st/Output/bind1st.pass.cpp.o', '-x', 'c++', '/usr/local/google/home/ericwf/libcxx/libcxx/test/std/depr/depr.lib.binders/depr.lib.bind.1st/bind1st.pass.cpp', '-c', '-v', '-D_LIBCPP_HAS_MERGED_TYPEINFO_NAMES_DEFAULT=0', '-D_LIBCPP_ABI_UNSTABLE', '-fmodules', '-Xclang', '-fmodules-local-submodule-visibility', '-fmodules-cache-path=/usr/local/google/home/ericwf/libcxx/build/unstable/projects/libcxx/test/modules.cache', '-Werror=thread-safety', '-std=c++14', '-Wno-macro-redefined', '-include', '/usr/local/google/home/ericwf/libcxx/build/unstable/projects/libcxx/__config_site', '-include', '/usr/local/google/home/ericwf/libcxx/libcxx/test/support/nasty_macros.h', '-nostdinc++', '-I/usr/local/google/home/ericwf/libcxx/libcxx/include', '-I/usr/local/google/home/ericwf/libcxx/build/unstable/projects/libcxx/include/c++build', '-D__STDC_FORMAT_MACROS', '-D__STDC_LIMIT_MACROS', '-D__STDC_CONSTANT_MACROS', '-I/usr/local/google/home/ericwf/libcxx/libcxx/test/support', '-ftemplate-depth=270', '-DLIBCXX_FILESYSTEM_STATIC_TEST_ROOT="/usr/local/google/home/ericwf/libcxx/libcxx/test/std/input.output/filesystems/Inputs/static_test_env"', '-DLIBCXX_FILESYSTEM_DYNAMIC_TEST_ROOT="/usr/local/google/home/ericwf/libcxx/build/unstable/projects/libcxx/test/filesystem/Output/dynamic_env"', '-DLIBCXX_FILESYSTEM_DYNAMIC_TEST_HELPER="/usr/bin/python /usr/local/google/home/ericwf/libcxx/libcxx/test/support/filesystem_dynamic_test_helper.py"', '-D_LIBCPP_HAS_NO_PRAGMA_SYSTEM_HEADER', '-Wall', '-Wextra', '-Werror', '-Wuser-defined-warnings', '-Wshadow', '-Wno-unused-command-line-argument', '-Wno-attributes', '-Wno-pessimizing-move', '-Wno-c++11-extensions', '-Wno-user-defined-literals', '-Wno-noexcept-type', '-Wsign-compare', '-Wunused-variable', '-Wunused-parameter', '-Wunreachable-code', '-Wno-macro-redefined', '-c']
Exit Code: 1
Standard Error:
--
/usr/local/google/home/ericwf/libcxx/libcxx/test/std/depr/depr.lib.binders/depr.lib.bind.1st/bind1st.pass.cpp:26:17: error: 'bind1st<test_func, int>' is deprecated [-Werror,-Wdeprecated-declarations]
    assert(std::bind1st(test_func(1), 5)(10.) == -5.);
                ^
/usr/local/google/home/ericwf/libcxx/libcxx/include/functional:1063:1: note: 'bind1st<test_func, int>' has been explicitly marked deprecated here
_LIBCPP_DEPRECATED_IN_CXX11 inline _LIBCPP_INLINE_VISIBILITY
^
/usr/local/google/home/ericwf/libcxx/libcxx/include/__config:985:39: note: expanded from macro '_LIBCPP_DEPRECATED_IN_CXX11'
#  define _LIBCPP_DEPRECATED_IN_CXX11 _LIBCPP_DEPRECATED
                                      ^
/usr/local/google/home/ericwf/libcxx/libcxx/include/__config:974:48: note: expanded from macro '_LIBCPP_DEPRECATED'
#    define _LIBCPP_DEPRECATED __attribute__ ((deprecated))
                                               ^
1 error generated.
--

Compilation failed unexpectedly!]]></failure>
</testcase>
<testcase classname="libc++.std/depr/depr_lib_binders/depr_lib_bind_2nd" name="bind2nd.depr_in_cxx11.fail.cpp" time="2.16"/>
<testcase classname="libc++.std/depr/depr_lib_binders/depr_lib_bind_2nd" name="bind2nd.pass.cpp" time="2.16">
	<failure ><![CDATA[Command: ['/usr/local/bin/clang++', '-o', '/usr/local/google/home/ericwf/libcxx/build/unstable/projects/libcxx/test/std/depr/depr.lib.binders/depr.lib.bind.2nd/Output/bind2nd.pass.cpp.o', '-x', 'c++', '/usr/local/google/home/ericwf/libcxx/libcxx/test/std/depr/depr.lib.binders/depr.lib.bind.2nd/bind2nd.pass.cpp', '-c', '-v', '-D_LIBCPP_HAS_MERGED_TYPEINFO_NAMES_DEFAULT=0', '-D_LIBCPP_ABI_UNSTABLE', '-fmodules', '-Xclang', '-fmodules-local-submodule-visibility', '-fmodules-cache-path=/usr/local/google/home/ericwf/libcxx/build/unstable/projects/libcxx/test/modules.cache', '-Werror=thread-safety', '-std=c++14', '-Wno-macro-redefined', '-include', '/usr/local/google/home/ericwf/libcxx/build/unstable/projects/libcxx/__config_site', '-include', '/usr/local/google/home/ericwf/libcxx/libcxx/test/support/nasty_macros.h', '-nostdinc++', '-I/usr/local/google/home/ericwf/libcxx/libcxx/include', '-I/usr/local/google/home/ericwf/libcxx/build/unstable/projects/libcxx/include/c++build', '-D__STDC_FORMAT_MACROS', '-D__STDC_LIMIT_MACROS', '-D__STDC_CONSTANT_MACROS', '-I/usr/local/google/home/ericwf/libcxx/libcxx/test/support', '-ftemplate-depth=270', '-DLIBCXX_FILESYSTEM_STATIC_TEST_ROOT="/usr/local/google/home/ericwf/libcxx/libcxx/test/std/input.output/filesystems/Inputs/static_test_env"', '-DLIBCXX_FILESYSTEM_DYNAMIC_TEST_ROOT="/usr/local/google/home/ericwf/libcxx/build/unstable/projects/libcxx/test/filesystem/Output/dynamic_env"', '-DLIBCXX_FILESYSTEM_DYNAMIC_TEST_HELPER="/usr/bin/python /usr/local/google/home/ericwf/libcxx/libcxx/test/support/filesystem_dynamic_test_helper.py"', '-D_LIBCPP_HAS_NO_PRAGMA_SYSTEM_HEADER', '-Wall', '-Wextra', '-Werror', '-Wuser-defined-warnings', '-Wshadow', '-Wno-unused-command-line-argument', '-Wno-attributes', '-Wno-pessimizing-move', '-Wno-c++11-extensions', '-Wno-user-defined-literals', '-Wno-noexcept-type', '-Wsign-compare', '-Wunused-variable', '-Wunused-parameter', '-Wunreachable-code', '-Wno-macro-redefined', '-c']
Exit Code: 1
Standard Error:
--
/usr/local/google/home/ericwf/libcxx/libcxx/test/std/depr/depr.lib.binders/depr.lib.bind.2nd/bind2nd.pass.cpp:26:17: error: 'bind2nd<test_func, int>' is deprecated [-Werror,-Wdeprecated-declarations]
    assert(std::bind2nd(test_func(1), 5)(10) == 5.);
                ^
/usr/local/google/home/ericwf/libcxx/libcxx/include/functional:1089:1: note: 'bind2nd<test_func, int>' has been explicitly marked deprecated here
_LIBCPP_DEPRECATED_IN_CXX11 inline _LIBCPP_INLINE_VISIBILITY
^
/usr/local/google/home/ericwf/libcxx/libcxx/include/__config:985:39: note: expanded from macro '_LIBCPP_DEPRECATED_IN_CXX11'
#  define _LIBCPP_DEPRECATED_IN_CXX11 _LIBCPP_DEPRECATED
                                      ^
/usr/local/google/home/ericwf/libcxx/libcxx/include/__config:974:48: note: expanded from macro '_LIBCPP_DEPRECATED'
#    define _LIBCPP_DEPRECATED __attribute__ ((deprecated))
                                               ^
1 error generated.
--

Compilation failed unexpectedly!]]></failure>
</testcase>
<testcase classname="libc++.std/depr/depr_lib_binders/depr_lib_binder_1st" name="binder1st.depr_in_cxx11.fail.cpp" time="2.17"/>
<testcase classname="libc++.std/depr/depr_lib_binders/depr_lib_binder_1st" name="binder1st.pass.cpp" time="2.16">
	<failure ><![CDATA[Command: ['/usr/local/bin/clang++', '-o', '/usr/local/google/home/ericwf/libcxx/build/unstable/projects/libcxx/test/std/depr/depr.lib.binders/depr.lib.binder.1st/Output/binder1st.pass.cpp.o', '-x', 'c++', '/usr/local/google/home/ericwf/libcxx/libcxx/test/std/depr/depr.lib.binders/depr.lib.binder.1st/binder1st.pass.cpp', '-c', '-v', '-D_LIBCPP_HAS_MERGED_TYPEINFO_NAMES_DEFAULT=0', '-D_LIBCPP_ABI_UNSTABLE', '-fmodules', '-Xclang', '-fmodules-local-submodule-visibility', '-fmodules-cache-path=/usr/local/google/home/ericwf/libcxx/build/unstable/projects/libcxx/test/modules.cache', '-Werror=thread-safety', '-std=c++14', '-Wno-macro-redefined', '-include', '/usr/local/google/home/ericwf/libcxx/build/unstable/projects/libcxx/__config_site', '-include', '/usr/local/google/home/ericwf/libcxx/libcxx/test/support/nasty_macros.h', '-nostdinc++', '-I/usr/local/google/home/ericwf/libcxx/libcxx/include', '-I/usr/local/google/home/ericwf/libcxx/build/unstable/projects/libcxx/include/c++build', '-D__STDC_FORMAT_MACROS', '-D__STDC_LIMIT_MACROS', '-D__STDC_CONSTANT_MACROS', '-I/usr/local/google/home/ericwf/libcxx/libcxx/test/support', '-ftemplate-depth=270', '-DLIBCXX_FILESYSTEM_STATIC_TEST_ROOT="/usr/local/google/home/ericwf/libcxx/libcxx/test/std/input.output/filesystems/Inputs/static_test_env"', '-DLIBCXX_FILESYSTEM_DYNAMIC_TEST_ROOT="/usr/local/google/home/ericwf/libcxx/build/unstable/projects/libcxx/test/filesystem/Output/dynamic_env"', '-DLIBCXX_FILESYSTEM_DYNAMIC_TEST_HELPER="/usr/bin/python /usr/local/google/home/ericwf/libcxx/libcxx/test/support/filesystem_dynamic_test_helper.py"', '-D_LIBCPP_HAS_NO_PRAGMA_SYSTEM_HEADER', '-Wall', '-Wextra', '-Werror', '-Wuser-defined-warnings', '-Wshadow', '-Wno-unused-command-line-argument', '-Wno-attributes', '-Wno-pessimizing-move', '-Wno-c++11-extensions', '-Wno-user-defined-literals', '-Wno-noexcept-type', '-Wsign-compare', '-Wunused-variable', '-Wunused-parameter', '-Wunreachable-code', '-Wno-macro-redefined', '-c']
Exit Code: 1
Standard Error:
--
/usr/local/google/home/ericwf/libcxx/libcxx/test/std/depr/depr.lib.binders/depr.lib.binder.1st/binder1st.pass.cpp:36:19: error: 'binder1st<test_func>' is deprecated [-Werror,-Wdeprecated-declarations]
    : public std::binder1st<test_func>
                  ^
/usr/local/google/home/ericwf/libcxx/libcxx/include/functional:1043:28: note: 'binder1st<test_func>' has been explicitly marked deprecated here
class _LIBCPP_TEMPLATE_VIS _LIBCPP_DEPRECATED_IN_CXX11 binder1st
                           ^
/usr/local/google/home/ericwf/libcxx/libcxx/include/__config:985:39: note: expanded from macro '_LIBCPP_DEPRECATED_IN_CXX11'
#  define _LIBCPP_DEPRECATED_IN_CXX11 _LIBCPP_DEPRECATED
                                      ^
/usr/local/google/home/ericwf/libcxx/libcxx/include/__config:974:48: note: expanded from macro '_LIBCPP_DEPRECATED'
#    define _LIBCPP_DEPRECATED __attribute__ ((deprecated))
                                               ^
/usr/local/google/home/ericwf/libcxx/libcxx/test/std/depr/depr.lib.binders/depr.lib.binder.1st/binder1st.pass.cpp:38:18: error: 'binder1st<test_func>' is deprecated [-Werror,-Wdeprecated-declarations]
    typedef std::binder1st<test_func> base;
                 ^
/usr/local/google/home/ericwf/libcxx/libcxx/include/functional:1043:28: note: 'binder1st<test_func>' has been explicitly marked deprecated here
class _LIBCPP_TEMPLATE_VIS _LIBCPP_DEPRECATED_IN_CXX11 binder1st
                           ^
/usr/local/google/home/ericwf/libcxx/libcxx/include/__config:985:39: note: expanded from macro '_LIBCPP_DEPRECATED_IN_CXX11'
#  define _LIBCPP_DEPRECATED_IN_CXX11 _LIBCPP_DEPRECATED
                                      ^
/usr/local/google/home/ericwf/libcxx/libcxx/include/__config:974:48: note: expanded from macro '_LIBCPP_DEPRECATED'
#    define _LIBCPP_DEPRECATED __attribute__ ((deprecated))
                                               ^
/usr/local/google/home/ericwf/libcxx/libcxx/test/std/depr/depr.lib.binders/depr.lib.binder.1st/binder1st.pass.cpp:40:19: error: 'binder1st<test_func>' is deprecated [-Werror,-Wdeprecated-declarations]
    test() : std::binder1st<test_func>(test_func(2), 30) {}
                  ^
/usr/local/google/home/ericwf/libcxx/libcxx/include/functional:1043:28: note: 'binder1st<test_func>' has been explicitly marked deprecated here
class _LIBCPP_TEMPLATE_VIS _LIBCPP_DEPRECATED_IN_CXX11 binder1st
                           ^
/usr/local/google/home/ericwf/libcxx/libcxx/include/__config:985:39: note: expanded from macro '_LIBCPP_DEPRECATED_IN_CXX11'
#  define _LIBCPP_DEPRECATED_IN_CXX11 _LIBCPP_DEPRECATED
                                      ^
/usr/local/google/home/ericwf/libcxx/libcxx/include/__config:974:48: note: expanded from macro '_LIBCPP_DEPRECATED'
#    define _LIBCPP_DEPRECATED __attribute__ ((deprecated))
                                               ^
3 errors generated.
--

Compilation failed unexpectedly!]]></failure>
</testcase>
<testcase classname="libc++.std/depr/depr_lib_binders/depr_lib_binder_2nd" name="binder2nd.depr_in_cxx11.fail.cpp" time="1.60"/>
<testcase classname="libc++.std/depr/depr_lib_binders/depr_lib_binder_2nd" name="binder2nd.pass.cpp" time="2.16">
	<failure ><![CDATA[Command: ['/usr/local/bin/clang++', '-o', '/usr/local/google/home/ericwf/libcxx/build/unstable/projects/libcxx/test/std/depr/depr.lib.binders/depr.lib.binder.2nd/Output/binder2nd.pass.cpp.o', '-x', 'c++', '/usr/local/google/home/ericwf/libcxx/libcxx/test/std/depr/depr.lib.binders/depr.lib.binder.2nd/binder2nd.pass.cpp', '-c', '-v', '-D_LIBCPP_HAS_MERGED_TYPEINFO_NAMES_DEFAULT=0', '-D_LIBCPP_ABI_UNSTABLE', '-fmodules', '-Xclang', '-fmodules-local-submodule-visibility', '-fmodules-cache-path=/usr/local/google/home/ericwf/libcxx/build/unstable/projects/libcxx/test/modules.cache', '-Werror=thread-safety', '-std=c++14', '-Wno-macro-redefined', '-include', '/usr/local/google/home/ericwf/libcxx/build/unstable/projects/libcxx/__config_site', '-include', '/usr/local/google/home/ericwf/libcxx/libcxx/test/support/nasty_macros.h', '-nostdinc++', '-I/usr/local/google/home/ericwf/libcxx/libcxx/include', '-I/usr/local/google/home/ericwf/libcxx/build/unstable/projects/libcxx/include/c++build', '-D__STDC_FORMAT_MACROS', '-D__STDC_LIMIT_MACROS', '-D__STDC_CONSTANT_MACROS', '-I/usr/local/google/home/ericwf/libcxx/libcxx/test/support', '-ftemplate-depth=270', '-DLIBCXX_FILESYSTEM_STATIC_TEST_ROOT="/usr/local/google/home/ericwf/libcxx/libcxx/test/std/input.output/filesystems/Inputs/static_test_env"', '-DLIBCXX_FILESYSTEM_DYNAMIC_TEST_ROOT="/usr/local/google/home/ericwf/libcxx/build/unstable/projects/libcxx/test/filesystem/Output/dynamic_env"', '-DLIBCXX_FILESYSTEM_DYNAMIC_TEST_HELPER="/usr/bin/python /usr/local/google/home/ericwf/libcxx/libcxx/test/support/filesystem_dynamic_test_helper.py"', '-D_LIBCPP_HAS_NO_PRAGMA_SYSTEM_HEADER', '-Wall', '-Wextra', '-Werror', '-Wuser-defined-warnings', '-Wshadow', '-Wno-unused-command-line-argument', '-Wno-attributes', '-Wno-pessimizing-move', '-Wno-c++11-extensions', '-Wno-user-defined-literals', '-Wno-noexcept-type', '-Wsign-compare', '-Wunused-variable', '-Wunused-parameter', '-Wunreachable-code', '-Wno-macro-redefined', '-c']
Exit Code: 1
Standard Error:
--
/usr/local/google/home/ericwf/libcxx/libcxx/test/std/depr/depr.lib.binders/depr.lib.binder.2nd/binder2nd.pass.cpp:36:19: error: 'binder2nd<test_func>' is deprecated [-Werror,-Wdeprecated-declarations]
    : public std::binder2nd<test_func>
                  ^
/usr/local/google/home/ericwf/libcxx/libcxx/include/functional:1069:28: note: 'binder2nd<test_func>' has been explicitly marked deprecated here
class _LIBCPP_TEMPLATE_VIS _LIBCPP_DEPRECATED_IN_CXX11 binder2nd
                           ^
/usr/local/google/home/ericwf/libcxx/libcxx/include/__config:985:39: note: expanded from macro '_LIBCPP_DEPRECATED_IN_CXX11'
#  define _LIBCPP_DEPRECATED_IN_CXX11 _LIBCPP_DEPRECATED
                                      ^
/usr/local/google/home/ericwf/libcxx/libcxx/include/__config:974:48: note: expanded from macro '_LIBCPP_DEPRECATED'
#    define _LIBCPP_DEPRECATED __attribute__ ((deprecated))
                                               ^
/usr/local/google/home/ericwf/libcxx/libcxx/test/std/depr/depr.lib.binders/depr.lib.binder.2nd/binder2nd.pass.cpp:38:18: error: 'binder2nd<test_func>' is deprecated [-Werror,-Wdeprecated-declarations]
    typedef std::binder2nd<test_func> base;
                 ^
/usr/local/google/home/ericwf/libcxx/libcxx/include/functional:1069:28: note: 'binder2nd<test_func>' has been explicitly marked deprecated here
class _LIBCPP_TEMPLATE_VIS _LIBCPP_DEPRECATED_IN_CXX11 binder2nd
                           ^
/usr/local/google/home/ericwf/libcxx/libcxx/include/__config:985:39: note: expanded from macro '_LIBCPP_DEPRECATED_IN_CXX11'
#  define _LIBCPP_DEPRECATED_IN_CXX11 _LIBCPP_DEPRECATED
                                      ^
/usr/local/google/home/ericwf/libcxx/libcxx/include/__config:974:48: note: expanded from macro '_LIBCPP_DEPRECATED'
#    define _LIBCPP_DEPRECATED __attribute__ ((deprecated))
                                               ^
/usr/local/google/home/ericwf/libcxx/libcxx/test/std/depr/depr.lib.binders/depr.lib.binder.2nd/binder2nd.pass.cpp:40:19: error: 'binder2nd<test_func>' is deprecated [-Werror,-Wdeprecated-declarations]
    test() : std::binder2nd<test_func>(test_func(3), 4.5) {}
                  ^
/usr/local/google/home/ericwf/libcxx/libcxx/include/functional:1069:28: note: 'binder2nd<test_func>' has been explicitly marked deprecated here
class _LIBCPP_TEMPLATE_VIS _LIBCPP_DEPRECATED_IN_CXX11 binder2nd
                           ^
/usr/local/google/home/ericwf/libcxx/libcxx/include/__config:985:39: note: expanded from macro '_LIBCPP_DEPRECATED_IN_CXX11'
#  define _LIBCPP_DEPRECATED_IN_CXX11 _LIBCPP_DEPRECATED
                                      ^
/usr/local/google/home/ericwf/libcxx/libcxx/include/__config:974:48: note: expanded from macro '_LIBCPP_DEPRECATED'
#    define _LIBCPP_DEPRECATED __attribute__ ((deprecated))
                                               ^
3 errors generated.
--

Compilation failed unexpectedly!]]></failure>
</testcase>
<testcase classname="libc++.std/depr/depr_lib_binders" name="nothing_to_do.pass.cpp" time="0.20"/>
</testsuite>
</testsuites>
