<?xml version="1.0" encoding="UTF-8" ?>
<testsuites>
<testsuite name="libc++" tests="151" failures="0" skipped="45">
<testcase classname="libc++.std/depr/depr_lib_binders/depr_lib_bind_1st" name="bind1st.depr_in_cxx11.fail.cpp" time="0.54"/>

<testcase classname="libc++.std/depr/depr_lib_binders/depr_lib_bind_1st" name="bind1st.pass.cpp" time="1.61">
	<failure ><![CDATA[Command: ['/usr/local/bin/clang++', '-o', '/usr/local/google/home/ericwf/libcxx/build/unstable/projects/libcxx/test/std/depr/depr.lib.binders/depr.lib.bind.1st/Output/bind1st.pass.cpp.o', '-x', 'c++', '/usr/local/google/home/ericwf/libcxx/libcxx/test/std/depr/depr.lib.binders/depr.lib.bind.1st/bind1st.pass.cpp', '-c', '-v', '-D_LIBCPP_HAS_MERGED_TYPEINFO_NAMES_DEFAULT=0', '-D_LIBCPP_ABI_UNSTABLE', '-fmodules', '-Xclang', '-fmodules-local-submodule-visibility', '-fmodules-cache-path=/usr/local/google/home/ericwf/libcxx/build/unstable/projects/libcxx/test/modules.cache', '-Werror=thread-safety', '-std=c++14', '-Wno-macro-redefined', '-include', '/usr/local/google/home/ericwf/libcxx/build/unstable/projects/libcxx/__config_site', '-include', '/usr/local/google/home/ericwf/libcxx/libcxx/test/support/nasty_macros.h', '-nostdinc++', '-I/usr/local/google/home/ericwf/libcxx/libcxx/include', '-I/usr/local/google/home/ericwf/libcxx/build/unstable/projects/libcxx/include/c++build', '-D__STDC_FORMAT_MACROS', '-D__STDC_LIMIT_MACROS', '-D__STDC_CONSTANT_MACROS', '-I/usr/local/google/home/ericwf/libcxx/libcxx/test/support', '-ftemplate-depth=270', '-DLIBCXX_FILESYSTEM_STATIC_TEST_ROOT="/usr/local/google/home/ericwf/libcxx/libcxx/test/std/input.output/filesystems/Inputs/static_test_env"', '-DLIBCXX_FILESYSTEM_DYNAMIC_TEST_ROOT="/usr/local/google/home/ericwf/libcxx/build/unstable/projects/libcxx/test/filesystem/Output/dynamic_env"', '-DLIBCXX_FILESYSTEM_DYNAMIC_TEST_HELPER="/usr/bin/python /usr/local/google/home/ericwf/libcxx/libcxx/test/support/filesystem_dynamic_test_helper.py"', '-D_LIBCPP_HAS_NO_PRAGMA_SYSTEM_HEADER', '-Wall', '-Wextra', '-Werror', '-Wuser-defined-warnings', '-Wshadow', '-Wno-unused-command-line-argument', '-Wno-attributes', '-Wno-pessimizing-move', '-Wno-c++11-extensions', '-Wno-user-defined-literals', '-Wno-noexcept-type', '-Wsign-compare', '-Wunused-variable', '-Wunused-parameter', '-Wunreachable-code', '-Wno-macro-redefined', '-c']
Exit Code: 1
Standard Error:
--
/usr/local/google/home/ericwf/libcxx/libcxx/test/std/depr/depr.lib.binders/depr.lib.bind.1st/bind1st.pass.cpp:26:17: error: 'bind1st<test_func, int>' is deprecated [-Werror,-Wdeprecated-declarations]
    assert(std::bind1st(test_func(1), 5)(10.) == -5.);
                ^
/usr/local/google/home/ericwf/libcxx/libcxx/include/functional:1063:1: note: 'bind1st<test_func, int>' has been explicitly marked deprecated here
_LIBCPP_DEPRECATED_IN_CXX11 inline _LIBCPP_INLINE_VISIBILITY
^
/usr/local/google/home/ericwf/libcxx/libcxx/include/__config:985:39: note: expanded from macro '_LIBCPP_DEPRECATED_IN_CXX11'
#  define _LIBCPP_DEPRECATED_IN_CXX11 _LIBCPP_DEPRECATED
                                      ^
/usr/local/google/home/ericwf/libcxx/libcxx/include/__config:974:48: note: expanded from macro '_LIBCPP_DEPRECATED'
#    define _LIBCPP_DEPRECATED __attribute__ ((deprecated))
                                               ^
1 error generated.
--

Compilation failed unexpectedly!]]></failure>
</testcase>

<testcase classname="libc++.std/depr/depr_lib_binders/depr_lib_bind_1st" name="bind1st.pass.cpp" time="0.00">
	<skipped message="Skipping because of configuration." />
</testcase>

<testcase classname="libc++.std/depr" name="nothing_to_do.pass.cpp" time="0.14"/>
</testsuite>
</testsuites>
